<?xml version="1.0" encoding="UTF-8"?>
<!-- Generated by org.testng.reporters.JUnitReportReporter -->
<testsuite hostname="LAPTOP-74RT8JJQ" failures="0" tests="1" name="LaunchChrome" time="0.016" errors="0" timestamp="2023-04-23T10:10:48 IST" skipped="1">
  <testcase classname="LaunchChrome" name="run" time="0.016">
    <skipped/>
  </testcase> <!-- run -->
  <system-out/>
</testsuite> <!-- LaunchChrome -->
